2025-07-01 11:19:35 info: bull-job-queue loaded 🍺🍻
2025-07-01 11:19:38 info: Backend server is started on port 4050
2025-07-01 11:19:40 info: MongoDB Connection Succeed
2025-07-01 11:19:44 info: Firebase Notification Initialized!🔥
2025-07-01 11:19:44 info: Roles seeded successfully! 👨‍⚕️👨‍🔧👨‍🚀
2025-07-01 11:19:48 info: GET /napi/v1/csrf 200 15.623 ms - 124

2025-07-01 11:19:50 info: Store routes completed!
2025-07-01 11:19:51 info: Role Permission seeded successfully 🤯🤯🤯
2025-07-01 11:19:51 info: Successfully migrated blocked domains to database 17 matched, 17 modified, 0 upserted
2025-07-01 11:19:51 info: seeded successfully 
2025-07-01 11:20:18 info: GET /napi/v1/web/message/credit 403 1.700 ms - 83

2025-07-01 11:20:18 info: POST /napi/v1/web/userbot/list 403 15.602 ms - 83

2025-07-01 11:47:52 info: bull-job-queue loaded 🍺🍻
2025-07-01 11:47:55 info: Backend server is started on port 4050
2025-07-01 11:47:58 info: MongoDB Connection Succeed
2025-07-01 11:48:01 info: Firebase Notification Initialized!🔥
2025-07-01 11:48:01 info: Roles seeded successfully! 👨‍⚕️👨‍🔧👨‍🚀
2025-07-01 11:48:07 info: Store routes completed!
2025-07-01 11:48:08 info: Role Permission seeded successfully 🤯🤯🤯
2025-07-01 11:48:08 info: Successfully migrated blocked domains to database 17 matched, 17 modified, 0 upserted
2025-07-01 11:48:08 info: seeded successfully 
2025-07-01 11:51:01 info: POST /napi/v1/admin/auth/signin 200 1840.748 ms - 2965

2025-07-01 11:51:01 info: start proccessing update db ref
2025-07-01 11:51:02 info: finish proccessing update db ref
2025-07-01 11:51:02 info: 🌿   Job updateRef completed 
2025-07-01 11:51:06 info: GET /napi/v1/web/message/credit 200 3081.510 ms - 162

2025-07-01 11:51:06 info: POST /napi/v1/web/userbot/list 200 3483.676 ms - 13379

2025-07-01 11:51:06 info: POST /napi/v1/web/brain/list-all 200 3543.308 ms - 10683

2025-07-01 11:51:07 info: POST /napi/v1/web/workspace/list 200 3896.852 ms - 5027

2025-07-01 11:51:08 info: OPTIONS /napi/v1/web/user/66ea8d5d68aefec2f05243fd 204 0.285 ms - 0

2025-07-01 11:51:08 info: OPTIONS /napi/v1/web/notification/count 204 0.132 ms - 0

2025-07-01 11:51:09 info: GET /napi/v1/web/notification/count 200 690.287 ms - 104

2025-07-01 11:51:09 info: GET /napi/v1/web/user/66ea8d5d68aefec2f05243fd 200 1096.332 ms - 793

2025-07-01 11:51:11 info: GET /napi/v1/web/user/66ea8d5d68aefec2f05243fd 304 1097.541 ms - -

2025-07-01 11:53:25 info: OPTIONS /napi/v1/web/user/66ea8d5d68aefec2f05243fd 204 0.179 ms - 0

2025-07-01 11:53:25 info: OPTIONS /napi/v1/web/notification/count 204 0.171 ms - 0

2025-07-01 11:53:25 info: OPTIONS /napi/v1/admin/report/company-usage 204 0.172 ms - 0

2025-07-01 11:53:26 info: GET /napi/v1/web/notification/count 304 678.994 ms - -

2025-07-01 11:53:26 info: POST /napi/v1/admin/report/company-usage 200 934.131 ms - 1368

2025-07-01 11:53:26 info: POST /napi/v1/admin/report/company-usage 200 936.981 ms - 1368

2025-07-01 11:53:26 info: GET /napi/v1/web/user/66ea8d5d68aefec2f05243fd 304 1125.128 ms - -

2025-07-01 11:53:26 info: POST /napi/v1/admin/report/company-usage 200 940.111 ms - 1368

2025-07-01 11:53:36 info: OPTIONS /napi/v1/web/user/66ea8d5d68aefec2f05243fd 204 0.144 ms - 0

2025-07-01 11:53:36 info: OPTIONS /napi/v1/web/notification/count 204 0.136 ms - 0

2025-07-01 11:53:37 info: GET /napi/v1/web/notification/count 304 736.048 ms - -

2025-07-01 11:53:37 info: GET /napi/v1/web/user/66ea8d5d68aefec2f05243fd 304 1265.842 ms - -

2025-07-01 11:53:39 info: GET /napi/v1/web/user/66ea8d5d68aefec2f05243fd 304 1151.934 ms - -

2025-07-01 11:53:41 info: OPTIONS /napi/v1/web/auth/logout 204 0.148 ms - 0

2025-07-01 11:53:41 info: POST /napi/v1/web/auth/logout 200 2.162 ms - 75

2025-07-01 11:53:50 error: Error in auth service login function
Error: auth.password_wrong
    at Object.logIn (/Users/chiragsuthar/Documents/work-d/React Projects/weamai/nodejs/src/services/auth.js:68:19)
    at async /Users/chiragsuthar/Documents/work-d/React Projects/weamai/nodejs/src/controller/admin/authController.js:4:20
2025-07-01 11:53:50 info: POST /napi/v1/admin/auth/signin 422 320.817 ms - 78

2025-07-01 11:59:07 error: Error in auth service login function
Error: auth.password_wrong
    at Object.logIn (/Users/chiragsuthar/Documents/work-d/React Projects/weamai/nodejs/src/services/auth.js:68:19)
    at async /Users/chiragsuthar/Documents/work-d/React Projects/weamai/nodejs/src/controller/admin/authController.js:4:20
2025-07-01 11:59:07 info: POST /napi/v1/admin/auth/signin 422 338.936 ms - 78

2025-07-01 11:59:14 error: Error in auth service login function
Error: auth.password_wrong
    at Object.logIn (/Users/chiragsuthar/Documents/work-d/React Projects/weamai/nodejs/src/services/auth.js:68:19)
    at async /Users/chiragsuthar/Documents/work-d/React Projects/weamai/nodejs/src/controller/admin/authController.js:4:20
2025-07-01 11:59:14 info: POST /napi/v1/admin/auth/signin 422 386.061 ms - 78

2025-07-01 12:01:04 error: Error in auth service login function
Error: auth.password_wrong
    at Object.logIn (/Users/chiragsuthar/Documents/work-d/React Projects/weamai/nodejs/src/services/auth.js:68:19)
    at async /Users/chiragsuthar/Documents/work-d/React Projects/weamai/nodejs/src/controller/admin/authController.js:4:20
2025-07-01 12:01:04 info: POST /napi/v1/admin/auth/signin 422 353.796 ms - 78

2025-07-01 12:01:22 error: Error in auth service login function
Error: auth.password_wrong
    at Object.logIn (/Users/chiragsuthar/Documents/work-d/React Projects/weamai/nodejs/src/services/auth.js:68:19)
    at async /Users/chiragsuthar/Documents/work-d/React Projects/weamai/nodejs/src/controller/admin/authController.js:4:20
2025-07-01 12:01:22 info: POST /napi/v1/admin/auth/signin 422 370.222 ms - 78

2025-07-01 12:01:25 error: Error in auth service login function
Error: auth.password_wrong
    at Object.logIn (/Users/chiragsuthar/Documents/work-d/React Projects/weamai/nodejs/src/services/auth.js:68:19)
    at async /Users/chiragsuthar/Documents/work-d/React Projects/weamai/nodejs/src/controller/admin/authController.js:4:20
2025-07-01 12:01:25 info: POST /napi/v1/admin/auth/signin 422 389.979 ms - 78

2025-07-01 12:01:41 info: OPTIONS /napi/v1/web/auth/forgot-password 204 0.137 ms - 0

2025-07-01 12:01:42 info: POST /napi/v1/web/auth/forgot-password 200 686.807 ms - 93

2025-07-01 12:01:43 info: start proccessing update db ref
2025-07-01 12:01:43 info: start proccessing email sent
2025-07-01 12:01:44 info: finish proccessing update db ref
2025-07-01 12:01:44 info: 🌿   Job updateRef completed 
2025-07-01 12:01:47 info: Mail response: 250 2.0.0 OK  1751351507 98e67ed59e1d1-315f5382f02sm15052531a91.1 - gsmtp - contactronik@yopmail.com
2025-07-01 12:01:47 info: finish email sent
2025-07-01 12:01:47 info: 🌿   Job sendMail completed 
2025-07-01 12:01:55 info: GET /napi/v1/csrf 200 4.360 ms - 124

2025-07-01 12:02:10 info: OPTIONS /napi/v1/web/auth/reset-password 204 0.135 ms - 0

2025-07-01 12:02:11 info: POST /napi/v1/web/auth/reset-password 200 765.753 ms - 93

2025-07-01 12:02:12 info: start proccessing update db ref
2025-07-01 12:02:13 info: finish proccessing update db ref
2025-07-01 12:02:13 info: 🌿   Job updateRef completed 
2025-07-01 12:02:21 info: POST /napi/v1/admin/auth/signin 200 1957.451 ms - 2904

2025-07-01 12:02:21 info: start proccessing update db ref
2025-07-01 12:02:22 info: finish proccessing update db ref
2025-07-01 12:02:22 info: 🌿   Job updateRef completed 
2025-07-01 12:02:25 info: GET /napi/v1/web/message/credit 200 2864.138 ms - 161

2025-07-01 12:02:25 info: POST /napi/v1/web/userbot/list 200 3305.722 ms - 13379

2025-07-01 12:02:25 info: POST /napi/v1/web/brain/list-all 200 3307.031 ms - 2646

2025-07-01 12:02:26 info: POST /napi/v1/web/workspace/list 200 3546.646 ms - 2253

2025-07-01 12:02:26 info: OPTIONS /napi/v1/web/user/66ea8c1368aefec2f052430b 204 0.217 ms - 0

2025-07-01 12:02:27 info: OPTIONS /napi/v1/web/notification/count 204 0.132 ms - 0

2025-07-01 12:02:27 info: GET /napi/v1/web/user/66ea8c1368aefec2f052430b 200 1154.538 ms - 869

2025-07-01 12:02:28 info: GET /napi/v1/web/notification/count 200 705.133 ms - 103

2025-07-01 12:02:28 info: GET /napi/v1/web/user/66ea8c1368aefec2f052430b 304 1140.808 ms - -

2025-07-01 12:02:36 info: OPTIONS /napi/v1/web/user/66ea8c1368aefec2f052430b 204 0.138 ms - 0

2025-07-01 12:02:36 info: OPTIONS /napi/v1/web/notification/count 204 0.125 ms - 0

2025-07-01 12:02:36 info: OPTIONS /napi/v1/admin/report/company-usage 204 0.102 ms - 0

2025-07-01 12:02:37 info: GET /napi/v1/web/notification/count 304 686.715 ms - -

2025-07-01 12:02:37 info: POST /napi/v1/admin/report/company-usage 200 927.236 ms - 1368

2025-07-01 12:02:37 info: POST /napi/v1/admin/report/company-usage 200 952.992 ms - 1368

2025-07-01 12:02:37 info: GET /napi/v1/web/user/66ea8c1368aefec2f052430b 304 1116.158 ms - -

2025-07-01 12:02:38 info: POST /napi/v1/admin/report/company-usage 200 920.927 ms - 1368

2025-07-01 12:02:44 info: OPTIONS /napi/v1/admin/payment/get-product-price/price_1QcmM7A3EJmVyHTjUMWVhF7v 204 0.143 ms - 0

2025-07-01 12:02:44 info: OPTIONS /napi/v1/admin/payment/get-subscription 204 0.118 ms - 0

2025-07-01 12:02:45 info: GET /napi/v1/admin/payment/get-product-price/price_1QcmM7A3EJmVyHTjUMWVhF7v 200 1495.010 ms - 248

2025-07-01 12:02:45 info: GET /napi/v1/admin/payment/get-subscription 200 1584.732 ms - 4269

2025-07-01 12:02:47 info: GET /napi/v1/admin/payment/get-subscription 304 1593.510 ms - -

2025-07-01 12:02:48 info: GET /napi/v1/admin/payment/get-subscription 304 1500.901 ms - -

2025-07-01 12:02:49 info: OPTIONS /napi/v1/admin/payment/default-payment-method 204 0.119 ms - 0

2025-07-01 12:02:49 info: OPTIONS /napi/v1/admin/payment/upcoming-invoice 204 0.117 ms - 0

2025-07-01 12:02:51 error: Error - upcomingInvoice
Error: You cannot preview the upcoming invoice for a canceled subscription.
    at StripeError.generate (/Users/chiragsuthar/Documents/work-d/React Projects/weamai/nodejs/node_modules/.pnpm/stripe@14.17.0/node_modules/stripe/cjs/Error.js:10:20)
    at res.toJSON.then.Error_js_1.StripeAPIError.message (/Users/chiragsuthar/Documents/work-d/React Projects/weamai/nodejs/node_modules/.pnpm/stripe@14.17.0/node_modules/stripe/cjs/RequestSender.js:105:54)
    at process.processTicksAndRejections (node:internal/process/task_queues:95:5)
2025-07-01 12:02:51 info: GET /napi/v1/admin/payment/upcoming-invoice 422 1441.320 ms - 110

2025-07-01 12:02:51 info: GET /napi/v1/admin/payment/default-payment-method 200 1477.023 ms - 172

2025-07-01 12:03:00 info: OPTIONS /napi/v1/admin/storagerequest/list 204 0.120 ms - 0

2025-07-01 12:03:02 info: POST /napi/v1/admin/storagerequest/list 200 1984.857 ms - 82

2025-07-01 12:03:51 info: OPTIONS /napi/v1/admin/payment/get-product-price/price_1QcmM7A3EJmVyHTjUMWVhF7v 204 0.143 ms - 0

2025-07-01 12:03:51 info: OPTIONS /napi/v1/admin/payment/get-subscription 204 0.141 ms - 0

2025-07-01 12:03:52 info: GET /napi/v1/admin/payment/get-product-price/price_1QcmM7A3EJmVyHTjUMWVhF7v 304 1207.793 ms - -

2025-07-01 12:03:53 info: GET /napi/v1/admin/payment/get-subscription 304 1444.274 ms - -

2025-07-01 12:03:54 info: GET /napi/v1/admin/payment/get-subscription 304 1506.599 ms - -

2025-07-01 12:03:54 info: OPTIONS /napi/v1/admin/payment/default-payment-method 204 0.300 ms - 0

2025-07-01 12:03:54 info: OPTIONS /napi/v1/admin/payment/upcoming-invoice 204 0.141 ms - 0

2025-07-01 12:03:56 info: GET /napi/v1/admin/payment/get-subscription 304 1550.010 ms - -

2025-07-01 12:03:56 info: GET /napi/v1/admin/payment/default-payment-method 304 1480.764 ms - -

2025-07-01 12:03:56 error: Error - upcomingInvoice
Error: You cannot preview the upcoming invoice for a canceled subscription.
    at StripeError.generate (/Users/chiragsuthar/Documents/work-d/React Projects/weamai/nodejs/node_modules/.pnpm/stripe@14.17.0/node_modules/stripe/cjs/Error.js:10:20)
    at res.toJSON.then.Error_js_1.StripeAPIError.message (/Users/chiragsuthar/Documents/work-d/React Projects/weamai/nodejs/node_modules/.pnpm/stripe@14.17.0/node_modules/stripe/cjs/RequestSender.js:105:54)
    at process.processTicksAndRejections (node:internal/process/task_queues:95:5)
2025-07-01 12:03:56 info: GET /napi/v1/admin/payment/upcoming-invoice 422 1600.760 ms - 110

2025-07-01 12:03:57 error: Error - upcomingInvoice
Error: You cannot preview the upcoming invoice for a canceled subscription.
    at StripeError.generate (/Users/chiragsuthar/Documents/work-d/React Projects/weamai/nodejs/node_modules/.pnpm/stripe@14.17.0/node_modules/stripe/cjs/Error.js:10:20)
    at res.toJSON.then.Error_js_1.StripeAPIError.message (/Users/chiragsuthar/Documents/work-d/React Projects/weamai/nodejs/node_modules/.pnpm/stripe@14.17.0/node_modules/stripe/cjs/RequestSender.js:105:54)
    at process.processTicksAndRejections (node:internal/process/task_queues:95:5)
2025-07-01 12:03:57 info: GET /napi/v1/admin/payment/upcoming-invoice 422 1411.275 ms - 110

2025-07-01 12:04:38 info: bull-job-queue loaded 🍺🍻
2025-07-01 12:04:41 info: Backend server is started on port 4050
2025-07-01 12:04:43 info: MongoDB Connection Succeed
2025-07-01 12:04:46 info: Firebase Notification Initialized!🔥
2025-07-01 12:04:46 info: Roles seeded successfully! 👨‍⚕️👨‍🔧👨‍🚀
2025-07-01 12:04:47 info: OPTIONS /napi/v1/admin/payment/get-product-price/price_1QcmM7A3EJmVyHTjUMWVhF7v 204 1.540 ms - 0

2025-07-01 12:04:47 info: GET /napi/v1/admin/payment/get-product-price/price_1QcmM7A3EJmVyHTjUMWVhF7v 404 8.156 ms - 209

2025-07-01 12:04:47 info: OPTIONS /napi/v1/admin/payment/get-subscription 204 0.441 ms - 0

2025-07-01 12:04:54 info: GET /napi/v1/admin/payment/get-subscription 304 6328.962 ms - -

2025-07-01 12:04:54 info: Store routes completed!
2025-07-01 12:04:54 info: Role Permission seeded successfully 🤯🤯🤯
2025-07-01 12:04:54 info: Successfully migrated blocked domains to database 17 matched, 17 modified, 0 upserted
2025-07-01 12:04:54 info: seeded successfully 
2025-07-01 12:04:55 info: GET /napi/v1/admin/payment/get-subscription 304 1460.913 ms - -

2025-07-01 12:04:55 info: OPTIONS /napi/v1/admin/payment/default-payment-method 204 0.141 ms - 0

2025-07-01 12:04:55 info: OPTIONS /napi/v1/admin/payment/upcoming-invoice 204 0.254 ms - 0

2025-07-01 12:04:56 info: GET /napi/v1/admin/payment/get-subscription 304 1480.303 ms - -

2025-07-01 12:04:57 error: Error - upcomingInvoice
Error: You cannot preview the upcoming invoice for a canceled subscription.
    at StripeError.generate (/Users/chiragsuthar/Documents/work-d/React Projects/weamai/nodejs/node_modules/.pnpm/stripe@14.17.0/node_modules/stripe/cjs/Error.js:10:20)
    at res.toJSON.then.Error_js_1.StripeAPIError.message (/Users/chiragsuthar/Documents/work-d/React Projects/weamai/nodejs/node_modules/.pnpm/stripe@14.17.0/node_modules/stripe/cjs/RequestSender.js:105:54)
    at process.processTicksAndRejections (node:internal/process/task_queues:95:5)
2025-07-01 12:04:57 info: GET /napi/v1/admin/payment/upcoming-invoice 422 1580.197 ms - 110

2025-07-01 12:04:57 info: GET /napi/v1/admin/payment/default-payment-method 304 1661.381 ms - -

2025-07-01 12:04:58 error: Error - upcomingInvoice
Error: You cannot preview the upcoming invoice for a canceled subscription.
    at StripeError.generate (/Users/chiragsuthar/Documents/work-d/React Projects/weamai/nodejs/node_modules/.pnpm/stripe@14.17.0/node_modules/stripe/cjs/Error.js:10:20)
    at res.toJSON.then.Error_js_1.StripeAPIError.message (/Users/chiragsuthar/Documents/work-d/React Projects/weamai/nodejs/node_modules/.pnpm/stripe@14.17.0/node_modules/stripe/cjs/RequestSender.js:105:54)
    at process.processTicksAndRejections (node:internal/process/task_queues:95:5)
2025-07-01 12:04:58 info: GET /napi/v1/admin/payment/upcoming-invoice 422 1436.102 ms - 110

2025-07-01 12:09:27 info: bull-job-queue loaded 🍺🍻
2025-07-01 12:09:29 info: Backend server is started on port 4050
2025-07-01 12:09:32 info: MongoDB Connection Succeed
2025-07-01 12:09:36 info: Firebase Notification Initialized!🔥
2025-07-01 12:09:36 info: Roles seeded successfully! 👨‍⚕️👨‍🔧👨‍🚀
2025-07-01 12:09:44 info: Store routes completed!
2025-07-01 12:09:44 info: Role Permission seeded successfully 🤯🤯🤯
2025-07-01 12:09:44 info: Successfully migrated blocked domains to database 17 matched, 17 modified, 0 upserted
2025-07-01 12:09:44 info: seeded successfully 
2025-07-01 12:27:40 info: bull-job-queue loaded 🍺🍻
2025-07-01 12:27:43 info: Backend server is started on port 4050
2025-07-01 12:27:45 info: MongoDB Connection Succeed
2025-07-01 12:27:48 info: Firebase Notification Initialized!🔥
2025-07-01 12:27:48 info: Roles seeded successfully! 👨‍⚕️👨‍🔧👨‍🚀
2025-07-01 12:27:54 info: Store routes completed!
2025-07-01 12:27:55 info: Role Permission seeded successfully 🤯🤯🤯
2025-07-01 12:27:55 info: Successfully migrated blocked domains to database 17 matched, 17 modified, 0 upserted
2025-07-01 12:27:55 info: seeded successfully 
2025-07-01 12:48:39 info: bull-job-queue loaded 🍺🍻
2025-07-01 12:48:42 info: Backend server is started on port 4050
2025-07-01 12:48:44 info: MongoDB Connection Succeed
2025-07-01 12:48:47 info: Firebase Notification Initialized!🔥
2025-07-01 12:48:47 info: Roles seeded successfully! 👨‍⚕️👨‍🔧👨‍🚀
2025-07-01 12:48:54 info: Role Permission seeded successfully 🤯🤯🤯
2025-07-01 12:48:54 info: Successfully migrated blocked domains to database 17 matched, 17 modified, 0 upserted
2025-07-01 12:48:54 info: seeded successfully 
2025-07-01 12:48:55 info: Store routes completed!
2025-07-01 12:51:27 info: GET /napi/v1/web/message/credit 200 1205.911 ms - 161

2025-07-01 12:51:27 info: GET /napi/v1/web/message/credit 200 1204.025 ms - 161

2025-07-01 12:51:32 info: OPTIONS /napi/v1/web/notification/count 204 0.543 ms - 0

2025-07-01 12:51:32 info: OPTIONS /napi/v1/web/user/66ea8c1368aefec2f052430b 204 0.267 ms - 0

2025-07-01 12:51:32 info: GET /napi/v1/web/notification/count 304 709.458 ms - -

2025-07-01 12:51:33 info: GET /napi/v1/web/user/66ea8c1368aefec2f052430b 304 1164.162 ms - -

2025-07-01 12:51:34 info: GET /napi/v1/web/user/66ea8c1368aefec2f052430b 304 1242.168 ms - -

2025-07-01 12:51:37 info: OPTIONS /napi/v1/web/user/66ea8c1368aefec2f052430b 204 0.163 ms - 0

2025-07-01 12:51:37 info: OPTIONS /napi/v1/web/notification/count 204 0.306 ms - 0

2025-07-01 12:51:38 info: GET /napi/v1/web/notification/count 304 699.138 ms - -

2025-07-01 12:51:38 info: GET /napi/v1/web/user/66ea8c1368aefec2f052430b 304 1128.715 ms - -

2025-07-01 12:51:39 info: GET /napi/v1/web/user/66ea8c1368aefec2f052430b 304 1127.753 ms - -

2025-07-01 12:51:43 info: OPTIONS /napi/v1/web/chat-doc/list 204 0.300 ms - 0

2025-07-01 12:51:45 info: POST /napi/v1/web/chat-doc/list 200 1902.933 ms - 71

2025-07-01 12:51:51 info: OPTIONS /napi/v1/web/customgpt/list 204 0.150 ms - 0

2025-07-01 12:51:53 info: POST /napi/v1/web/customgpt/list 200 1853.754 ms - 72

2025-07-01 12:51:58 info: OPTIONS /napi/v1/web/prompt/list 204 0.159 ms - 0

2025-07-01 12:51:58 info: POST /napi/v1/web/prompt/list - - ms - -

2025-07-01 12:52:00 info: OPTIONS /napi/v1/web/notification/count 204 0.151 ms - 0

2025-07-01 12:52:00 info: OPTIONS /napi/v1/web/user/66ea8c1368aefec2f052430b 204 0.308 ms - 0

2025-07-01 12:52:01 info: GET /napi/v1/web/notification/count 304 765.390 ms - -

2025-07-01 12:52:02 info: GET /napi/v1/web/user/66ea8c1368aefec2f052430b 304 1160.661 ms - -

2025-07-01 12:52:03 info: GET /napi/v1/web/user/66ea8c1368aefec2f052430b 304 1160.385 ms - -

2025-07-01 12:52:04 info: POST /napi/v1/web/prompt/list 200 1999.379 ms - 77

2025-07-01 12:52:04 info: OPTIONS /napi/v1/web/chat-member/list 204 0.152 ms - 0

2025-07-01 12:52:06 info: POST /napi/v1/web/chat-member/list 200 2076.995 ms - 10232

2025-07-01 12:52:08 info: GET /napi/v1/web/message/credit 200 1136.982 ms - 161

2025-07-01 12:52:19 info: OPTIONS /napi/v1/web/chat-member/list 204 0.139 ms - 0

2025-07-01 12:52:21 info: POST /napi/v1/web/chat-member/list 200 2103.668 ms - 2003

2025-07-01 12:52:25 info: OPTIONS /napi/v1/web/user/66ea8c1368aefec2f052430b 204 0.154 ms - 0

2025-07-01 12:52:25 info: OPTIONS /napi/v1/web/notification/count 204 0.205 ms - 0

2025-07-01 12:52:25 info: OPTIONS /napi/v1/admin/report/company-usage 204 0.132 ms - 0

2025-07-01 12:52:25 info: GET /napi/v1/web/notification/count 304 683.953 ms - -

2025-07-01 12:52:26 info: POST /napi/v1/admin/report/company-usage 200 966.293 ms - 1368

2025-07-01 12:52:26 info: GET /napi/v1/web/user/66ea8c1368aefec2f052430b 200 1154.156 ms - 869

2025-07-01 12:52:26 info: POST /napi/v1/admin/report/company-usage 200 918.017 ms - 1368

2025-07-01 12:52:26 info: POST /napi/v1/admin/report/company-usage 200 996.699 ms - 1368

2025-07-01 12:52:34 info: POST /napi/v1/web/sharechat/list 200 2143.981 ms - 60943

2025-07-01 12:52:38 info: POST /napi/v1/web/brain/list 200 1630.588 ms - 2497

2025-07-01 12:52:38 info: OPTIONS /napi/v1/web/user/66ea8c1368aefec2f052430b 204 0.130 ms - 0

2025-07-01 12:52:38 info: OPTIONS /napi/v1/web/notification/count 204 0.122 ms - 0

2025-07-01 12:52:38 info: GET /napi/v1/web/notification/count 304 689.740 ms - -

2025-07-01 12:52:39 info: GET /napi/v1/web/user/66ea8c1368aefec2f052430b 304 1174.116 ms - -

2025-07-01 12:52:41 info: POST /napi/v1/web/workspace/list 200 1768.458 ms - 76

2025-07-01 12:52:43 info: GET /napi/v1/web/user/storage/details 200 1181.196 ms - 166

2025-07-01 12:52:48 info: OPTIONS /napi/v1/web/user/66ea8c1368aefec2f052430b 204 0.124 ms - 0

2025-07-01 12:52:48 info: OPTIONS /napi/v1/web/notification/count 204 0.168 ms - 0

2025-07-01 12:52:48 info: OPTIONS /napi/v1/admin/user/list 204 1.253 ms - 0

2025-07-01 12:52:48 info: OPTIONS /napi/v1/web/team/list 204 0.149 ms - 0

2025-07-01 12:52:49 info: GET /napi/v1/web/notification/count 304 694.588 ms - -

2025-07-01 12:52:49 info: GET /napi/v1/web/user/66ea8c1368aefec2f052430b 304 1135.563 ms - -

2025-07-01 12:52:49 info: POST /napi/v1/admin/user/list 200 1126.421 ms - 7360

2025-07-01 12:52:49 info: POST /napi/v1/admin/user/list 200 1166.242 ms - 11400

2025-07-01 12:52:49 info: POST /napi/v1/web/team/list 200 1386.092 ms - 1912

2025-07-01 12:52:49 info: POST /napi/v1/admin/user/list 200 1104.137 ms - 11400

2025-07-01 12:52:51 info: POST /napi/v1/admin/user/list 200 1157.950 ms - 11402

2025-07-01 12:52:52 info: POST /napi/v1/web/team/list 200 1353.531 ms - 1913

2025-07-01 12:52:53 info: OPTIONS /napi/v1/admin/user/list 204 0.117 ms - 0

2025-07-01 12:52:54 info: POST /napi/v1/admin/user/list 200 1195.381 ms - 7360

2025-07-01 12:52:57 info: OPTIONS /napi/v1/admin/storagerequest/list 204 0.119 ms - 0

2025-07-01 12:52:59 info: POST /napi/v1/admin/storagerequest/list 200 2017.346 ms - 82

2025-07-01 12:53:11 info: OPTIONS /napi/v1/web/user/66ea8c1368aefec2f052430b 204 0.150 ms - 0

2025-07-01 12:53:11 info: OPTIONS /napi/v1/web/notification/count 204 0.200 ms - 0

2025-07-01 12:53:11 info: OPTIONS /napi/v1/admin/storagerequest/list 204 0.297 ms - 0

2025-07-01 12:53:13 info: POST /napi/v1/admin/storagerequest/list 200 1876.318 ms - 82

2025-07-01 13:06:19 info: GET /napi/v1/web/message/credit 200 1229.040 ms - 161

2025-07-01 13:06:22 info: OPTIONS /napi/v1/web/notification/count 204 0.138 ms - 0

2025-07-01 13:06:22 info: OPTIONS /napi/v1/web/user/66ea8c1368aefec2f052430b 204 0.113 ms - 0

2025-07-01 13:06:22 info: GET /napi/v1/web/notification/count 304 674.556 ms - -

2025-07-01 13:06:23 info: GET /napi/v1/web/user/66ea8c1368aefec2f052430b 304 1141.531 ms - -

2025-07-01 13:06:24 info: GET /napi/v1/web/user/66ea8c1368aefec2f052430b 304 1241.678 ms - -

2025-07-01 13:06:38 info: OPTIONS /napi/v1/web/user/66ea8c1368aefec2f052430b 204 0.134 ms - 0

2025-07-01 13:06:39 info: OPTIONS /napi/v1/web/notification/count 204 0.141 ms - 0

2025-07-01 13:06:39 info: GET /napi/v1/web/notification/count 304 722.343 ms - -

2025-07-01 13:06:40 info: GET /napi/v1/web/user/66ea8c1368aefec2f052430b 304 1092.295 ms - -

2025-07-01 13:06:40 info: OPTIONS /napi/v1/web/customgpt/list 204 0.127 ms - 0

2025-07-01 13:06:41 info: GET /napi/v1/web/user/66ea8c1368aefec2f052430b 304 1121.464 ms - -

2025-07-01 13:06:42 info: POST /napi/v1/web/customgpt/list 200 1777.817 ms - 72

2025-07-01 13:06:45 info: OPTIONS /napi/v1/web/user/66ea8c1368aefec2f052430b 204 0.160 ms - 0

2025-07-01 13:06:45 info: OPTIONS /napi/v1/web/notification/count 204 0.130 ms - 0

2025-07-01 13:06:45 info: OPTIONS /napi/v1/admin/report/company-usage 204 0.128 ms - 0

2025-07-01 13:06:46 info: GET /napi/v1/web/notification/count 304 769.690 ms - -

2025-07-01 13:06:46 info: POST /napi/v1/admin/report/company-usage 200 1016.146 ms - 1368

2025-07-01 13:06:46 info: POST /napi/v1/admin/report/company-usage 200 1028.595 ms - 1368

2025-07-01 13:06:46 info: GET /napi/v1/web/user/66ea8c1368aefec2f052430b 304 1231.146 ms - -

2025-07-01 13:06:47 info: POST /napi/v1/admin/report/company-usage 200 1053.420 ms - 1368

2025-07-01 13:06:57 info: OPTIONS /napi/v1/admin/user/list 204 0.281 ms - 0

2025-07-01 13:06:57 info: OPTIONS /napi/v1/web/team/list 204 0.124 ms - 0

2025-07-01 13:06:58 info: POST /napi/v1/admin/user/list 200 1159.608 ms - 11400

2025-07-01 13:06:58 info: POST /napi/v1/admin/user/list 200 1152.022 ms - 7360

2025-07-01 13:06:58 info: POST /napi/v1/web/team/list 200 1318.145 ms - 1912

2025-07-01 13:06:58 info: POST /napi/v1/admin/user/list 200 1134.636 ms - 11400

2025-07-01 13:09:10 info: GET /napi/v1/web/message/credit 200 1373.358 ms - 161

2025-07-01 13:09:12 info: OPTIONS /napi/v1/web/notification/count 204 0.123 ms - 0

2025-07-01 13:09:12 info: OPTIONS /napi/v1/web/user/66ea8c1368aefec2f052430b 204 0.128 ms - 0

2025-07-01 13:09:12 info: GET /napi/v1/web/notification/count 304 667.967 ms - -

2025-07-01 13:09:13 info: GET /napi/v1/web/user/66ea8c1368aefec2f052430b 304 1144.107 ms - -

2025-07-01 13:09:14 info: GET /napi/v1/web/user/66ea8c1368aefec2f052430b 304 1187.575 ms - -

2025-07-01 13:09:19 info: OPTIONS /napi/v1/web/user/66ea8c1368aefec2f052430b 204 0.122 ms - 0

2025-07-01 13:09:19 info: OPTIONS /napi/v1/web/notification/count 204 0.124 ms - 0

2025-07-01 13:09:19 info: OPTIONS /napi/v1/admin/report/company-usage 204 0.118 ms - 0

2025-07-01 13:09:20 info: GET /napi/v1/web/notification/count 304 696.337 ms - -

2025-07-01 13:09:20 info: POST /napi/v1/admin/report/company-usage 200 921.122 ms - 1368

2025-07-01 13:09:20 info: GET /napi/v1/web/user/66ea8c1368aefec2f052430b 304 1072.698 ms - -

2025-07-01 13:09:20 info: POST /napi/v1/admin/report/company-usage 200 927.354 ms - 1368

2025-07-01 13:09:21 info: POST /napi/v1/admin/report/company-usage 200 946.855 ms - 1368

2025-07-01 13:09:28 info: OPTIONS /napi/v1/web/user/66ea8c1368aefec2f052430b 204 0.120 ms - 0

2025-07-01 13:09:28 info: OPTIONS /napi/v1/web/notification/count 204 0.131 ms - 0

2025-07-01 13:09:28 info: OPTIONS /napi/v1/admin/storagerequest/list 204 0.111 ms - 0

2025-07-01 13:09:28 info: GET /napi/v1/web/notification/count 304 680.290 ms - -

2025-07-01 13:09:29 info: GET /napi/v1/web/user/66ea8c1368aefec2f052430b 304 1105.652 ms - -

2025-07-01 13:09:29 info: POST /napi/v1/admin/storagerequest/list 200 1755.521 ms - 82

2025-07-01 13:12:27 info: OPTIONS /napi/v1/web/user/66ea8c1368aefec2f052430b 204 0.125 ms - 0

2025-07-01 13:12:27 info: OPTIONS /napi/v1/web/notification/count 204 0.120 ms - 0

2025-07-01 13:12:28 info: GET /napi/v1/web/notification/count 304 649.313 ms - -

2025-07-01 13:12:28 info: GET /napi/v1/web/user/66ea8c1368aefec2f052430b 304 1091.104 ms - -

2025-07-01 13:12:32 info: GET /napi/v1/web/notification/count 304 693.253 ms - -

2025-07-01 13:12:32 info: GET /napi/v1/web/user/66ea8c1368aefec2f052430b 304 1084.675 ms - -

2025-07-01 13:12:43 info: OPTIONS /napi/v1/web/user/66ea8c1368aefec2f052430b 204 0.297 ms - 0

2025-07-01 13:12:43 info: OPTIONS /napi/v1/web/notification/count 204 0.117 ms - 0

2025-07-01 13:12:44 info: GET /napi/v1/web/notification/count 304 665.374 ms - -

2025-07-01 13:12:44 info: GET /napi/v1/web/user/66ea8c1368aefec2f052430b 304 1081.951 ms - -

2025-07-01 13:12:48 info: GET /napi/v1/web/notification/count 304 688.596 ms - -

2025-07-01 13:12:49 info: GET /napi/v1/web/user/66ea8c1368aefec2f052430b 304 1098.763 ms - -

2025-07-01 13:12:55 info: OPTIONS /napi/v1/web/user/66ea8c1368aefec2f052430b 204 0.161 ms - 0

2025-07-01 13:12:55 info: OPTIONS /napi/v1/web/notification/count 204 0.142 ms - 0

2025-07-01 13:12:55 info: GET /napi/v1/web/notification/count 304 667.709 ms - -

2025-07-01 13:12:56 info: GET /napi/v1/web/user/66ea8c1368aefec2f052430b 304 1074.187 ms - -

2025-07-01 13:13:00 info: OPTIONS /napi/v1/web/user/66ea8c1368aefec2f052430b 204 0.125 ms - 0

2025-07-01 13:13:00 info: OPTIONS /napi/v1/web/notification/count 204 0.155 ms - 0

2025-07-01 13:13:01 info: GET /napi/v1/web/notification/count 304 686.869 ms - -

2025-07-01 13:13:01 info: GET /napi/v1/web/user/66ea8c1368aefec2f052430b 304 1085.444 ms - -

2025-07-01 14:06:47 info: POST /napi/v1/web/workspace/list 200 3019.099 ms - 2253

2025-07-01 14:06:48 info: POST /napi/v1/web/brain/list-all 200 3740.336 ms - 2646

2025-07-01 14:06:48 info: GET /napi/v1/web/message/credit 200 4339.786 ms - 161

2025-07-01 14:18:06 info: GET /napi/v1/web/message/credit 200 1215.445 ms - 161

2025-07-01 14:18:15 info: OPTIONS /napi/v1/web/notification/count 204 0.224 ms - 0

2025-07-01 14:18:15 info: OPTIONS /napi/v1/web/user/66ea8c1368aefec2f052430b 204 0.406 ms - 0

2025-07-01 14:18:15 info: GET /napi/v1/web/notification/count 304 738.059 ms - -

2025-07-01 14:18:16 info: GET /napi/v1/web/user/66ea8c1368aefec2f052430b 304 1065.582 ms - -

2025-07-01 14:18:17 info: GET /napi/v1/web/user/66ea8c1368aefec2f052430b 304 1071.122 ms - -

2025-07-01 14:18:21 info: OPTIONS /napi/v1/web/user/66ea8c1368aefec2f052430b 204 1.455 ms - 0

2025-07-01 14:18:22 info: OPTIONS /napi/v1/admin/report/company-usage 204 0.112 ms - 0

2025-07-01 14:18:22 info: GET /napi/v1/web/user/66ea8c1368aefec2f052430b 304 1072.471 ms - -

2025-07-01 14:18:23 info: POST /napi/v1/admin/report/company-usage 200 956.080 ms - 1368

2025-07-01 14:18:34 info: GET /napi/v1/web/user/storage/details 200 1166.457 ms - 166

2025-07-01 14:18:39 info: POST /napi/v1/web/user/storage/increase 200 2063.749 ms - 119

2025-07-01 14:18:40 info: start proccessing update db ref
2025-07-01 14:18:40 info: start proccessing email sent
2025-07-01 14:18:43 info: finish proccessing update db ref
2025-07-01 14:18:43 info: 🌿   Job updateRef completed 
2025-07-01 14:18:44 info: Mail response: 250 2.0.0 OK  1751359724 d9443c01a7336-23acb39b8f5sm100424725ad.126 - gsmtp - chirag@weam.ai
2025-07-01 14:18:44 info: finish email sent
2025-07-01 14:18:44 info: 🌿   Job sendMail completed 
2025-07-01 14:18:47 info: OPTIONS /napi/v1/web/user/66ea8c1368aefec2f052430b 204 0.139 ms - 0

2025-07-01 14:18:48 info: OPTIONS /napi/v1/web/notification/count 204 0.103 ms - 0

2025-07-01 14:18:48 info: GET /napi/v1/web/notification/count 304 672.136 ms - -

2025-07-01 14:18:49 info: GET /napi/v1/web/user/66ea8c1368aefec2f052430b 200 1121.081 ms - 892

2025-07-01 14:18:53 info: OPTIONS /napi/v1/web/user/66ea8c1368aefec2f052430b 204 0.109 ms - 0

2025-07-01 14:18:53 info: OPTIONS /napi/v1/web/notification/count 204 0.115 ms - 0

2025-07-01 14:18:53 info: OPTIONS /napi/v1/admin/storagerequest/list 204 0.123 ms - 0

2025-07-01 14:18:54 info: GET /napi/v1/web/notification/count 304 684.292 ms - -

2025-07-01 14:18:54 info: GET /napi/v1/web/user/66ea8c1368aefec2f052430b 304 1103.011 ms - -

2025-07-01 14:18:55 info: POST /napi/v1/admin/storagerequest/list 200 1878.517 ms - 750

2025-07-01 14:19:28 info: OPTIONS /napi/v1/web/user/66ea8c1368aefec2f052430b 204 0.410 ms - 0

2025-07-01 14:19:28 info: OPTIONS /napi/v1/web/notification/count 204 0.228 ms - 0

2025-07-01 14:19:29 info: GET /napi/v1/web/notification/count 304 656.021 ms - -

2025-07-01 14:19:29 info: GET /napi/v1/web/user/66ea8c1368aefec2f052430b 304 1109.352 ms - -

2025-07-01 14:19:38 info: OPTIONS /napi/v1/web/user/66ea8c1368aefec2f052430b 204 0.251 ms - 0

2025-07-01 14:19:38 info: OPTIONS /napi/v1/web/notification/count 204 0.117 ms - 0

2025-07-01 14:19:39 info: GET /napi/v1/web/notification/count 304 683.735 ms - -

2025-07-01 14:19:39 info: GET /napi/v1/web/user/66ea8c1368aefec2f052430b 304 1081.129 ms - -

2025-07-01 14:20:00 info: OPTIONS /napi/v1/web/user/66ea8c1368aefec2f052430b 204 0.152 ms - 0

2025-07-01 14:20:00 info: OPTIONS /napi/v1/web/notification/count 204 0.203 ms - 0

2025-07-01 14:20:00 info: GET /napi/v1/web/notification/count 304 671.818 ms - -

2025-07-01 14:20:01 info: GET /napi/v1/web/user/66ea8c1368aefec2f052430b 304 1085.486 ms - -

2025-07-01 14:25:04 info: OPTIONS /napi/v1/web/user/66ea8c1368aefec2f052430b 204 0.122 ms - 0

2025-07-01 14:25:04 info: OPTIONS /napi/v1/web/notification/count 204 0.114 ms - 0

2025-07-01 14:25:05 info: GET /napi/v1/web/notification/count 304 676.530 ms - -

2025-07-01 14:25:05 info: GET /napi/v1/web/user/66ea8c1368aefec2f052430b 304 1071.440 ms - -

2025-07-01 14:25:06 info: GET /napi/v1/web/notification/count 304 664.311 ms - -

2025-07-01 14:25:07 info: GET /napi/v1/web/user/66ea8c1368aefec2f052430b 304 1090.104 ms - -

2025-07-01 14:25:20 info: OPTIONS /napi/v1/web/user/66ea8c1368aefec2f052430b 204 0.178 ms - 0

2025-07-01 14:25:20 info: OPTIONS /napi/v1/web/notification/count 204 0.120 ms - 0

2025-07-01 14:25:20 info: GET /napi/v1/web/notification/count 304 678.051 ms - -

2025-07-01 14:25:21 info: GET /napi/v1/web/user/66ea8c1368aefec2f052430b 304 1080.249 ms - -

2025-07-01 14:31:39 info: OPTIONS /napi/v1/admin/billing/list 204 0.134 ms - 0

2025-07-01 14:31:41 info: POST /napi/v1/admin/billing/list 200 2074.051 ms - 12218

2025-07-01 14:31:51 info: OPTIONS /napi/v1/admin/storagerequest/list 204 0.126 ms - 0

2025-07-01 14:31:53 info: POST /napi/v1/admin/storagerequest/list 200 1810.358 ms - 750

2025-07-01 14:57:22 info: OPTIONS /napi/v1/web/user/66ea8c1368aefec2f052430b 204 0.573 ms - 0

2025-07-01 14:57:22 info: OPTIONS /napi/v1/web/notification/count 204 0.124 ms - 0

2025-07-01 14:57:22 info: OPTIONS /napi/v1/admin/storagerequest/list 204 0.116 ms - 0

2025-07-01 14:57:23 info: GET /napi/v1/web/notification/count 304 682.737 ms - -

2025-07-01 14:57:24 info: GET /napi/v1/web/user/66ea8c1368aefec2f052430b 304 1141.669 ms - -

2025-07-01 14:57:24 info: POST /napi/v1/admin/storagerequest/list 200 1832.200 ms - 750

2025-07-01 14:57:48 info: OPTIONS /napi/v1/web/user/66ea8c1368aefec2f052430b 204 0.126 ms - 0

2025-07-01 14:57:48 info: OPTIONS /napi/v1/web/notification/count 204 0.110 ms - 0

2025-07-01 14:57:48 info: OPTIONS /napi/v1/admin/storagerequest/list 204 0.117 ms - 0

2025-07-01 14:57:49 info: GET /napi/v1/web/notification/count 304 654.557 ms - -

2025-07-01 14:57:49 info: GET /napi/v1/web/user/66ea8c1368aefec2f052430b 304 1164.176 ms - -

2025-07-01 14:57:50 info: POST /napi/v1/admin/storagerequest/list 200 1926.638 ms - 750

2025-07-01 14:57:51 info: POST /napi/v1/web/brain/list-all 200 3082.063 ms - 2646

2025-07-01 14:57:51 info: POST /napi/v1/web/workspace/list 200 3334.198 ms - 2253

2025-07-01 15:03:23 info: GET /napi/v1/web/message/credit 200 1198.443 ms - 161

2025-07-01 15:03:26 info: OPTIONS /napi/v1/web/notification/count 204 0.130 ms - 0

2025-07-01 15:03:26 info: OPTIONS /napi/v1/web/user/66ea8c1368aefec2f052430b 204 0.153 ms - 0

2025-07-01 15:03:27 info: GET /napi/v1/web/notification/count 304 670.974 ms - -

2025-07-01 15:03:27 info: GET /napi/v1/web/user/66ea8c1368aefec2f052430b 304 1143.304 ms - -

2025-07-01 15:03:28 info: GET /napi/v1/web/user/66ea8c1368aefec2f052430b 304 1205.474 ms - -

2025-07-01 15:03:33 info: OPTIONS /napi/v1/web/user/66ea8c1368aefec2f052430b 204 0.151 ms - 0

2025-07-01 15:03:33 info: OPTIONS /napi/v1/web/notification/count 204 0.129 ms - 0

2025-07-01 15:03:33 info: OPTIONS /napi/v1/admin/report/company-usage 204 0.114 ms - 0

2025-07-01 15:03:34 info: GET /napi/v1/web/notification/count 304 687.684 ms - -

2025-07-01 15:03:34 info: POST /napi/v1/admin/report/company-usage 200 905.831 ms - 1368

2025-07-01 15:03:34 info: POST /napi/v1/admin/report/company-usage 200 947.826 ms - 1368

2025-07-01 15:03:34 info: GET /napi/v1/web/user/66ea8c1368aefec2f052430b 304 1118.185 ms - -

2025-07-01 15:03:35 info: POST /napi/v1/admin/report/company-usage 200 1011.763 ms - 1368

2025-07-01 15:03:38 info: OPTIONS /napi/v1/admin/storagerequest/list 204 0.195 ms - 0

2025-07-01 15:03:40 info: POST /napi/v1/admin/storagerequest/list 200 1885.266 ms - 750

2025-07-01 15:04:47 info: OPTIONS /napi/v1/web/user/66ea8c1368aefec2f052430b 204 0.126 ms - 0

2025-07-01 15:04:48 info: OPTIONS /napi/v1/web/notification/count 204 0.118 ms - 0

2025-07-01 15:04:48 info: GET /napi/v1/web/user/66ea8c1368aefec2f052430b 304 1136.767 ms - -

2025-07-01 15:04:48 info: GET /napi/v1/web/notification/count 304 673.794 ms - -

2025-07-01 15:04:50 info: GET /napi/v1/web/notification/count 304 680.763 ms - -

2025-07-01 15:04:50 info: GET /napi/v1/web/user/66ea8c1368aefec2f052430b 304 1153.369 ms - -

2025-07-01 15:04:53 info: OPTIONS /napi/v1/web/user/66ea8c1368aefec2f052430b 204 0.129 ms - 0

2025-07-01 15:04:53 info: GET /napi/v1/web/notification/count 304 686.979 ms - -

2025-07-01 15:04:54 info: GET /napi/v1/web/user/66ea8c1368aefec2f052430b 304 1151.269 ms - -

2025-07-01 15:05:46 info: OPTIONS /napi/v1/admin/storagerequest/list 204 0.210 ms - 0

2025-07-01 15:05:47 info: OPTIONS /napi/v1/web/user/66ea8c1368aefec2f052430b 204 0.150 ms - 0

2025-07-01 15:05:47 info: OPTIONS /napi/v1/web/notification/count 204 0.172 ms - 0

2025-07-01 15:05:47 info: GET /napi/v1/web/notification/count 304 687.476 ms - -

2025-07-01 15:05:48 info: GET /napi/v1/web/user/66ea8c1368aefec2f052430b 304 1103.665 ms - -

2025-07-01 15:05:48 info: POST /napi/v1/admin/storagerequest/list 200 1817.143 ms - 750

2025-07-01 15:09:06 info: OPTIONS /napi/v1/admin/storagerequest/decline 204 0.115 ms - 0

2025-07-01 15:09:08 info: POST /napi/v1/admin/storagerequest/decline 200 1730.293 ms - 579

2025-07-01 15:09:08 info: OPTIONS /napi/v1/admin/storagerequest/list 204 0.131 ms - 0

2025-07-01 15:09:09 info: start proccessing update db ref
2025-07-01 15:09:11 info: POST /napi/v1/admin/storagerequest/list 200 3117.438 ms - 82

2025-07-01 15:09:12 info: finish proccessing update db ref
2025-07-01 15:09:12 info: 🌿   Job updateRef completed 
2025-07-01 15:09:27 info: GET /napi/v1/web/user/storage/details 200 1098.028 ms - 166

2025-07-01 15:09:30 info: POST /napi/v1/web/user/storage/increase 200 1972.279 ms - 119

2025-07-01 15:09:31 info: start proccessing update db ref
2025-07-01 15:09:32 info: start proccessing email sent
2025-07-01 15:09:32 info: OPTIONS /napi/v1/admin/storagerequest/list 204 0.131 ms - 0

2025-07-01 15:09:35 info: finish proccessing update db ref
2025-07-01 15:09:35 info: 🌿   Job updateRef completed 
2025-07-01 15:09:36 info: Mail response: 250 2.0.0 OK  1751362775 d2e1a72fcca58-74af557b3a2sm11029316b3a.104 - gsmtp - chirag@weam.ai
2025-07-01 15:09:36 info: finish email sent
2025-07-01 15:09:36 info: 🌿   Job sendMail completed 
2025-07-01 15:09:36 info: POST /napi/v1/admin/storagerequest/list 200 3356.599 ms - 750

2025-07-01 15:10:56 info: OPTIONS /napi/v1/web/user/66ea8c1368aefec2f052430b 204 0.137 ms - 0

2025-07-01 15:10:56 info: OPTIONS /napi/v1/web/notification/count 204 0.112 ms - 0

2025-07-01 15:10:56 info: OPTIONS /napi/v1/admin/storagerequest/list 204 0.151 ms - 0

2025-07-01 15:10:56 info: GET /napi/v1/web/notification/count 304 684.738 ms - -

2025-07-01 15:10:57 info: GET /napi/v1/web/user/66ea8c1368aefec2f052430b 200 1130.404 ms - 892

2025-07-01 15:10:57 info: GET /napi/v1/web/notification/count 304 718.332 ms - -

2025-07-01 15:10:58 info: POST /napi/v1/admin/storagerequest/list 200 1837.213 ms - 750

2025-07-01 15:10:58 info: GET /napi/v1/web/user/66ea8c1368aefec2f052430b 304 1146.174 ms - -

2025-07-01 15:11:21 info: OPTIONS /napi/v1/web/user/66ea8c1368aefec2f052430b 204 0.121 ms - 0

2025-07-01 15:11:21 info: OPTIONS /napi/v1/web/notification/count 204 0.115 ms - 0

2025-07-01 15:11:22 info: GET /napi/v1/web/notification/count 304 683.636 ms - -

2025-07-01 15:11:22 info: GET /napi/v1/web/user/66ea8c1368aefec2f052430b 304 1112.142 ms - -

2025-07-01 15:14:00 info: OPTIONS /napi/v1/web/user/66ea8c1368aefec2f052430b 204 0.118 ms - 0

2025-07-01 15:14:00 info: OPTIONS /napi/v1/web/notification/count 204 0.371 ms - 0

2025-07-01 15:14:00 info: OPTIONS /napi/v1/admin/storagerequest/list 204 0.113 ms - 0

2025-07-01 15:14:01 info: GET /napi/v1/web/notification/count 304 710.531 ms - -

2025-07-01 15:14:01 info: GET /napi/v1/web/user/66ea8c1368aefec2f052430b 304 1190.914 ms - -

2025-07-01 15:14:01 info: GET /napi/v1/web/notification/count 304 735.333 ms - -

2025-07-01 15:14:02 info: GET /napi/v1/web/user/66ea8c1368aefec2f052430b 304 1244.986 ms - -

2025-07-01 15:14:03 info: POST /napi/v1/admin/storagerequest/list 200 2785.539 ms - 750

2025-07-01 15:14:42 info: OPTIONS /napi/v1/admin/payment/payment-for-storage-request 204 0.117 ms - 0

2025-07-01 15:14:42 info: POST /napi/v1/admin/payment/payment-for-storage-request 422 4.596 ms - 93

2025-07-01 15:16:54 info: bull-job-queue loaded 🍺🍻
2025-07-01 15:16:57 info: Backend server is started on port 4050
2025-07-01 15:16:59 info: OPTIONS /napi/v1/admin/payment/payment-for-storage-request 204 1.640 ms - 0

2025-07-01 15:16:59 info: MongoDB Connection Succeed
2025-07-01 15:17:03 info: Firebase Notification Initialized!🔥
2025-07-01 15:17:03 info: Roles seeded successfully! 👨‍⚕️👨‍🔧👨‍🚀
2025-07-01 15:17:09 info: Store routes completed!
2025-07-01 15:17:10 info: Role Permission seeded successfully 🤯🤯🤯
2025-07-01 15:17:10 info: Successfully migrated blocked domains to database 17 matched, 17 modified, 0 upserted
2025-07-01 15:17:10 info: seeded successfully 
2025-07-01 15:17:11 error: Error - storageRequestCharge
Error: The amount must be greater than or equal to the minimum charge amount allowed for your account and the currency set (https://docs.stripe.com/currencies#minimum-and-maximum-charge-amounts).  If you want to save a Payment Method for future use without an immediate payment, use a Setup Intent instead: https://docs.stripe.com/payments/setup-intents
    at StripeError.generate (/Users/chiragsuthar/Documents/work-d/React Projects/weamai/nodejs/node_modules/.pnpm/stripe@14.17.0/node_modules/stripe/cjs/Error.js:10:20)
    at res.toJSON.then.Error_js_1.StripeAPIError.message (/Users/chiragsuthar/Documents/work-d/React Projects/weamai/nodejs/node_modules/.pnpm/stripe@14.17.0/node_modules/stripe/cjs/RequestSender.js:105:54)
    at process.processTicksAndRejections (node:internal/process/task_queues:95:5)
2025-07-01 15:17:11 info: POST /napi/v1/admin/payment/payment-for-storage-request 422 11788.824 ms - 388

2025-07-01 15:17:17 info: OPTIONS /napi/v1/admin/payment/payment-for-storage-request 204 0.167 ms - 0

2025-07-01 15:17:19 error: Error - storageRequestCharge
Error: The amount must be greater than or equal to the minimum charge amount allowed for your account and the currency set (https://docs.stripe.com/currencies#minimum-and-maximum-charge-amounts).  If you want to save a Payment Method for future use without an immediate payment, use a Setup Intent instead: https://docs.stripe.com/payments/setup-intents
    at StripeError.generate (/Users/chiragsuthar/Documents/work-d/React Projects/weamai/nodejs/node_modules/.pnpm/stripe@14.17.0/node_modules/stripe/cjs/Error.js:10:20)
    at res.toJSON.then.Error_js_1.StripeAPIError.message (/Users/chiragsuthar/Documents/work-d/React Projects/weamai/nodejs/node_modules/.pnpm/stripe@14.17.0/node_modules/stripe/cjs/RequestSender.js:105:54)
    at process.processTicksAndRejections (node:internal/process/task_queues:95:5)
2025-07-01 15:17:19 info: POST /napi/v1/admin/payment/payment-for-storage-request 422 2716.770 ms - 388

2025-07-01 15:18:14 info: OPTIONS /napi/v1/admin/payment/payment-for-storage-request 204 0.226 ms - 0

2025-07-01 15:18:17 error: Error - storageRequestCharge
Error: The amount must be greater than or equal to the minimum charge amount allowed for your account and the currency set (https://docs.stripe.com/currencies#minimum-and-maximum-charge-amounts).  If you want to save a Payment Method for future use without an immediate payment, use a Setup Intent instead: https://docs.stripe.com/payments/setup-intents
    at StripeError.generate (/Users/chiragsuthar/Documents/work-d/React Projects/weamai/nodejs/node_modules/.pnpm/stripe@14.17.0/node_modules/stripe/cjs/Error.js:10:20)
    at res.toJSON.then.Error_js_1.StripeAPIError.message (/Users/chiragsuthar/Documents/work-d/React Projects/weamai/nodejs/node_modules/.pnpm/stripe@14.17.0/node_modules/stripe/cjs/RequestSender.js:105:54)
    at process.processTicksAndRejections (node:internal/process/task_queues:95:5)
2025-07-01 15:18:17 info: POST /napi/v1/admin/payment/payment-for-storage-request 422 2447.156 ms - 388

2025-07-01 15:18:52 info: bull-job-queue loaded 🍺🍻
2025-07-01 15:18:54 info: Backend server is started on port 4050
2025-07-01 15:18:56 info: MongoDB Connection Succeed
2025-07-01 15:18:59 info: bull-job-queue loaded 🍺🍻
2025-07-01 15:19:01 info: Backend server is started on port 4050
2025-07-01 15:19:03 info: MongoDB Connection Succeed
2025-07-01 15:19:05 info: bull-job-queue loaded 🍺🍻
2025-07-01 15:19:07 info: Backend server is started on port 4050
2025-07-01 15:19:09 info: MongoDB Connection Succeed
2025-07-01 15:19:11 info: bull-job-queue loaded 🍺🍻
2025-07-01 15:19:13 info: Backend server is started on port 4050
2025-07-01 15:19:19 info: MongoDB Connection Succeed
2025-07-01 15:19:26 info: Firebase Notification Initialized!🔥
2025-07-01 15:19:26 info: Roles seeded successfully! 👨‍⚕️👨‍🔧👨‍🚀
2025-07-01 15:19:32 info: Store routes completed!
2025-07-01 15:19:34 info: Role Permission seeded successfully 🤯🤯🤯
2025-07-01 15:19:35 info: bull-job-queue loaded 🍺🍻
2025-07-01 15:19:37 info: Backend server is started on port 4050
2025-07-01 15:19:39 info: MongoDB Connection Succeed
2025-07-01 15:19:42 info: Firebase Notification Initialized!🔥
2025-07-01 15:19:42 info: Roles seeded successfully! 👨‍⚕️👨‍🔧👨‍🚀
2025-07-01 15:19:48 info: Store routes completed!
2025-07-01 15:19:49 info: Role Permission seeded successfully 🤯🤯🤯
2025-07-01 15:19:49 info: Successfully migrated blocked domains to database 17 matched, 17 modified, 0 upserted
2025-07-01 15:19:49 info: seeded successfully 
2025-07-01 15:21:47 info: OPTIONS /napi/v1/web/user/66ea8c1368aefec2f052430b 204 1.544 ms - 0

2025-07-01 15:21:48 info: OPTIONS /napi/v1/web/notification/count 204 0.249 ms - 0

2025-07-01 15:21:48 info: GET /napi/v1/web/notification/count 304 665.442 ms - -

2025-07-01 15:21:49 info: GET /napi/v1/web/user/66ea8c1368aefec2f052430b 304 1112.843 ms - -

2025-07-01 15:21:57 info: OPTIONS /napi/v1/web/user/66ea8c1368aefec2f052430b 204 0.149 ms - 0

2025-07-01 15:21:57 info: OPTIONS /napi/v1/web/notification/count 204 0.183 ms - 0

2025-07-01 15:21:58 info: GET /napi/v1/web/notification/count 304 686.137 ms - -

2025-07-01 15:21:59 info: GET /napi/v1/web/user/66ea8c1368aefec2f052430b 304 1122.046 ms - -

2025-07-01 15:22:16 info: OPTIONS /napi/v1/web/user/66ea8c1368aefec2f052430b 204 0.150 ms - 0

2025-07-01 15:22:16 info: OPTIONS /napi/v1/web/notification/count 204 0.269 ms - 0

2025-07-01 15:22:17 info: GET /napi/v1/web/notification/count 304 692.516 ms - -

2025-07-01 15:22:17 info: GET /napi/v1/web/user/66ea8c1368aefec2f052430b 304 1106.237 ms - -

2025-07-01 15:22:32 info: OPTIONS /napi/v1/web/user/66ea8c1368aefec2f052430b 204 0.159 ms - 0

2025-07-01 15:22:32 info: OPTIONS /napi/v1/web/notification/count 204 0.151 ms - 0

2025-07-01 15:22:33 info: GET /napi/v1/web/notification/count 304 674.464 ms - -

2025-07-01 15:22:33 info: GET /napi/v1/web/user/66ea8c1368aefec2f052430b 304 1094.372 ms - -

2025-07-01 15:22:40 info: OPTIONS /napi/v1/web/user/66ea8c1368aefec2f052430b 204 0.165 ms - 0

2025-07-01 15:22:40 info: OPTIONS /napi/v1/web/notification/count 204 0.139 ms - 0

2025-07-01 15:22:41 info: GET /napi/v1/web/notification/count 304 742.115 ms - -

2025-07-01 15:22:41 info: GET /napi/v1/web/user/66ea8c1368aefec2f052430b 304 1248.382 ms - -

2025-07-01 15:22:49 info: OPTIONS /napi/v1/web/user/66ea8c1368aefec2f052430b 204 0.192 ms - 0

2025-07-01 15:22:49 info: OPTIONS /napi/v1/web/notification/count 204 0.168 ms - 0

2025-07-01 15:22:50 info: GET /napi/v1/web/notification/count 304 668.313 ms - -

2025-07-01 15:22:50 info: GET /napi/v1/web/user/66ea8c1368aefec2f052430b 304 1096.017 ms - -

2025-07-01 15:22:51 info: GET /napi/v1/web/notification/count 304 728.496 ms - -

2025-07-01 15:22:51 info: GET /napi/v1/web/user/66ea8c1368aefec2f052430b 304 1079.780 ms - -

2025-07-01 15:23:01 info: OPTIONS /napi/v1/web/user/66ea8c1368aefec2f052430b 204 0.348 ms - 0

2025-07-01 15:23:01 info: OPTIONS /napi/v1/web/notification/count 204 0.126 ms - 0

2025-07-01 15:23:01 info: GET /napi/v1/web/notification/count 304 677.808 ms - -

2025-07-01 15:23:02 info: GET /napi/v1/web/user/66ea8c1368aefec2f052430b 304 1110.309 ms - -

2025-07-01 15:27:23 info: OPTIONS /napi/v1/web/user/66ea8c1368aefec2f052430b 204 0.138 ms - 0

2025-07-01 15:27:23 info: OPTIONS /napi/v1/web/notification/count 204 0.140 ms - 0

2025-07-01 15:27:23 info: OPTIONS /napi/v1/admin/storagerequest/list 204 0.259 ms - 0

2025-07-01 15:27:24 info: GET /napi/v1/web/notification/count 304 706.670 ms - -

2025-07-01 15:27:24 info: GET /napi/v1/web/user/66ea8c1368aefec2f052430b 304 1106.868 ms - -

2025-07-01 15:27:25 info: GET /napi/v1/web/notification/count 304 671.450 ms - -

2025-07-01 15:27:25 info: POST /napi/v1/admin/storagerequest/list 200 1878.480 ms - 750

2025-07-01 15:27:25 info: GET /napi/v1/web/user/66ea8c1368aefec2f052430b 304 1093.918 ms - -

2025-07-01 15:27:33 info: OPTIONS /napi/v1/admin/payment/confirm-storage-charge 204 0.117 ms - 0

2025-07-01 15:27:34 error: Error - confirmStorageCharge
Error: No such payment_intent: '1'
    at StripeError.generate (/Users/chiragsuthar/Documents/work-d/React Projects/weamai/nodejs/node_modules/.pnpm/stripe@14.17.0/node_modules/stripe/cjs/Error.js:10:20)
    at res.toJSON.then.Error_js_1.StripeAPIError.message (/Users/chiragsuthar/Documents/work-d/React Projects/weamai/nodejs/node_modules/.pnpm/stripe@14.17.0/node_modules/stripe/cjs/RequestSender.js:105:54)
    at process.processTicksAndRejections (node:internal/process/task_queues:95:5)
2025-07-01 15:27:34 info: POST /napi/v1/admin/payment/confirm-storage-charge 422 1357.757 ms - 69

2025-07-01 15:34:10 info: OPTIONS /napi/v1/web/user/66ea8c1368aefec2f052430b 204 0.125 ms - 0

2025-07-01 15:34:10 info: OPTIONS /napi/v1/web/notification/count 204 0.110 ms - 0

2025-07-01 15:34:11 info: GET /napi/v1/web/notification/count 304 719.637 ms - -

2025-07-01 15:34:11 info: GET /napi/v1/web/user/66ea8c1368aefec2f052430b 304 1246.137 ms - -

2025-07-01 15:45:10 info: GET /napi/v1/web/message/credit 200 1115.318 ms - 161

2025-07-01 15:45:36 info: OPTIONS /napi/v1/web/notification/count 204 0.254 ms - 0

2025-07-01 15:45:37 info: GET /napi/v1/web/notification/count 304 674.276 ms - -

2025-07-01 15:45:37 info: OPTIONS /napi/v1/web/user/66ea8c1368aefec2f052430b 204 0.119 ms - 0

2025-07-01 15:45:38 info: GET /napi/v1/web/user/66ea8c1368aefec2f052430b 304 1117.676 ms - -

2025-07-01 15:45:39 info: GET /napi/v1/web/user/66ea8c1368aefec2f052430b 304 1132.461 ms - -

2025-07-01 15:45:45 info: OPTIONS /napi/v1/web/user/66ea8c1368aefec2f052430b 204 0.191 ms - 0

2025-07-01 15:45:45 info: OPTIONS /napi/v1/web/notification/count 204 0.125 ms - 0

2025-07-01 15:45:45 info: GET /napi/v1/web/notification/count 304 686.407 ms - -

2025-07-01 15:45:46 info: GET /napi/v1/web/user/66ea8c1368aefec2f052430b 304 1101.744 ms - -

2025-07-01 15:45:47 info: GET /napi/v1/web/user/66ea8c1368aefec2f052430b 304 1119.544 ms - -

2025-07-01 15:45:59 info: OPTIONS /napi/v1/web/user/66ea8c1368aefec2f052430b 204 0.158 ms - 0

2025-07-01 15:45:59 info: OPTIONS /napi/v1/web/notification/count 204 0.117 ms - 0

2025-07-01 15:45:59 info: OPTIONS /napi/v1/admin/report/company-usage 204 0.118 ms - 0

2025-07-01 15:46:00 info: GET /napi/v1/web/notification/count 304 672.013 ms - -

2025-07-01 15:46:00 info: POST /napi/v1/admin/report/company-usage 200 920.462 ms - 1368

2025-07-01 15:46:01 info: GET /napi/v1/web/user/66ea8c1368aefec2f052430b 304 1116.100 ms - -

2025-07-01 15:46:01 info: POST /napi/v1/admin/report/company-usage 200 1377.397 ms - 1368

2025-07-01 15:46:01 info: POST /napi/v1/admin/report/company-usage 200 938.413 ms - 1368

2025-07-01 15:46:11 info: OPTIONS /napi/v1/web/user/66ea8c1368aefec2f052430b 204 0.125 ms - 0

2025-07-01 15:46:11 info: OPTIONS /napi/v1/web/notification/count 204 0.113 ms - 0

2025-07-01 15:46:11 info: OPTIONS /napi/v1/admin/storagerequest/list 204 0.115 ms - 0

2025-07-01 15:46:11 info: GET /napi/v1/web/notification/count 304 675.930 ms - -

2025-07-01 15:46:12 info: GET /napi/v1/web/user/66ea8c1368aefec2f052430b 304 1140.431 ms - -

2025-07-01 15:46:12 info: POST /napi/v1/admin/storagerequest/list 200 1763.462 ms - 750

2025-07-01 15:46:15 info: OPTIONS /napi/v1/admin/payment/payment-for-storage-request 204 0.131 ms - 0

2025-07-01 15:46:18 error: Error - storageRequestCharge
Error: The amount must be greater than or equal to the minimum charge amount allowed for your account and the currency set (https://docs.stripe.com/currencies#minimum-and-maximum-charge-amounts).  If you want to save a Payment Method for future use without an immediate payment, use a Setup Intent instead: https://docs.stripe.com/payments/setup-intents
    at StripeError.generate (/Users/chiragsuthar/Documents/work-d/React Projects/weamai/nodejs/node_modules/.pnpm/stripe@14.17.0/node_modules/stripe/cjs/Error.js:10:20)
    at res.toJSON.then.Error_js_1.StripeAPIError.message (/Users/chiragsuthar/Documents/work-d/React Projects/weamai/nodejs/node_modules/.pnpm/stripe@14.17.0/node_modules/stripe/cjs/RequestSender.js:105:54)
    at process.processTicksAndRejections (node:internal/process/task_queues:95:5)
2025-07-01 15:46:18 info: POST /napi/v1/admin/payment/payment-for-storage-request 422 2681.132 ms - 388

2025-07-01 15:46:49 info: GET /napi/v1/web/message/credit 200 1153.606 ms - 161

2025-07-01 15:46:50 info: OPTIONS /napi/v1/web/notification/count 204 0.201 ms - 0

2025-07-01 15:46:50 info: OPTIONS /napi/v1/web/user/66ea8c1368aefec2f052430b 204 0.231 ms - 0

2025-07-01 15:46:51 info: GET /napi/v1/web/notification/count 304 719.821 ms - -

2025-07-01 15:46:51 info: GET /napi/v1/web/user/66ea8c1368aefec2f052430b 304 1164.497 ms - -

2025-07-01 15:46:52 info: GET /napi/v1/web/user/66ea8c1368aefec2f052430b 304 1216.280 ms - -

2025-07-01 15:47:00 info: OPTIONS /napi/v1/web/notification/count 204 0.164 ms - 0

2025-07-01 15:47:00 info: OPTIONS /napi/v1/web/user/66ea8c1368aefec2f052430b 204 0.123 ms - 0

2025-07-01 15:47:01 info: GET /napi/v1/web/notification/count 304 674.507 ms - -

2025-07-01 15:47:01 info: GET /napi/v1/web/user/66ea8c1368aefec2f052430b 304 1183.292 ms - -

2025-07-01 15:47:02 info: GET /napi/v1/web/user/66ea8c1368aefec2f052430b 304 1122.486 ms - -

2025-07-01 15:47:10 info: OPTIONS /napi/v1/web/chat-member/list 204 0.121 ms - 0

2025-07-01 15:47:13 info: POST /napi/v1/web/chat-member/list 200 2747.662 ms - 5812

2025-07-01 15:59:17 info: bull-job-queue loaded 🍺🍻
2025-07-01 15:59:20 info: Backend server is started on port 4050
2025-07-01 15:59:22 info: MongoDB Connection Succeed
2025-07-01 15:59:25 info: Firebase Notification Initialized!🔥
2025-07-01 15:59:25 info: Roles seeded successfully! 👨‍⚕️👨‍🔧👨‍🚀
2025-07-01 15:59:31 info: Store routes completed!
2025-07-01 15:59:32 info: Role Permission seeded successfully 🤯🤯🤯
2025-07-01 15:59:32 info: Successfully migrated blocked domains to database 17 matched, 17 modified, 0 upserted
2025-07-01 15:59:32 info: seeded successfully 
2025-07-01 18:43:59 info: bull-job-queue loaded 🍺🍻
2025-07-01 18:44:01 info: Backend server is started on port 4050
2025-07-01 18:44:03 info: MongoDB Connection Succeed
2025-07-01 18:44:06 info: Firebase Notification Initialized!🔥
2025-07-01 18:44:06 info: Roles seeded successfully! 👨‍⚕️👨‍🔧👨‍🚀
2025-07-01 18:44:12 info: Role Permission seeded successfully 🤯🤯🤯
2025-07-01 18:44:12 info: Successfully migrated blocked domains to database 17 matched, 17 modified, 0 upserted
2025-07-01 18:44:12 info: seeded successfully 
2025-07-01 18:44:12 info: Store routes completed!
2025-07-01 18:44:23 info: GET /napi/v1/web/message/credit 200 1173.937 ms - 161

2025-07-01 18:44:26 info: OPTIONS /napi/v1/web/notification/count 204 0.656 ms - 0

2025-07-01 18:44:26 info: OPTIONS /napi/v1/web/user/66ea8c1368aefec2f052430b 204 0.307 ms - 0

2025-07-01 18:44:27 info: GET /napi/v1/web/notification/count 304 723.917 ms - -

2025-07-01 18:44:28 info: GET /napi/v1/web/user/66ea8c1368aefec2f052430b 304 1206.408 ms - -

2025-07-01 18:44:29 info: GET /napi/v1/web/user/66ea8c1368aefec2f052430b 304 1288.081 ms - -

2025-07-01 18:44:48 info: OPTIONS /napi/v1/web/chat-member/list 204 0.278 ms - 0

2025-07-01 18:44:51 info: POST /napi/v1/web/chat-member/list 200 3025.601 ms - 5812

2025-07-01 18:49:54 info: bull-job-queue loaded 🍺🍻
2025-07-01 18:49:57 info: Backend server is started on port 4050
2025-07-01 18:50:00 info: MongoDB Connection Succeed
2025-07-01 18:50:03 info: Firebase Notification Initialized!🔥
2025-07-01 18:50:03 info: Roles seeded successfully! 👨‍⚕️👨‍🔧👨‍🚀
2025-07-01 18:50:08 info: Store routes completed!
2025-07-01 18:50:08 info: Role Permission seeded successfully 🤯🤯🤯
2025-07-01 18:50:09 info: Successfully migrated blocked domains to database 17 matched, 17 modified, 0 upserted
2025-07-01 18:50:09 info: seeded successfully 
2025-07-01 18:50:21 info: OPTIONS /napi/v1/web/chat-member/list 204 1.126 ms - 0

2025-07-01 18:50:24 info: POST /napi/v1/web/chat-member/list 200 2980.023 ms - 6352

2025-07-01 18:50:25 info: OPTIONS /napi/v1/web/user/66ea8c1368aefec2f052430b 204 0.376 ms - 0

2025-07-01 18:50:25 info: OPTIONS /napi/v1/web/notification/count 204 0.164 ms - 0

2025-07-01 18:50:25 info: GET /napi/v1/web/notification/count 304 616.522 ms - -

2025-07-01 18:50:26 info: GET /napi/v1/web/user/66ea8c1368aefec2f052430b 304 1231.208 ms - -

2025-07-01 18:50:27 info: OPTIONS /napi/v1/web/chat-member/list 204 0.136 ms - 0

2025-07-01 18:50:27 info: GET /napi/v1/web/user/66ea8c1368aefec2f052430b 304 1144.018 ms - -

2025-07-01 18:50:29 info: POST /napi/v1/web/chat-member/list 200 2816.039 ms - 6352

2025-07-01 18:50:41 info: bull-job-queue loaded 🍺🍻
2025-07-01 18:50:44 info: Backend server is started on port 4050
2025-07-01 18:50:46 info: MongoDB Connection Succeed
2025-07-01 18:50:49 info: Firebase Notification Initialized!🔥
2025-07-01 18:50:49 info: Roles seeded successfully! 👨‍⚕️👨‍🔧👨‍🚀
2025-07-01 18:50:52 info: bull-job-queue loaded 🍺🍻
2025-07-01 18:50:55 info: Backend server is started on port 4050
2025-07-01 18:50:57 info: OPTIONS /napi/v1/web/user/66ea8c1368aefec2f052430b 204 1.104 ms - 0

2025-07-01 18:50:57 info: OPTIONS /napi/v1/web/notification/count 204 0.143 ms - 0

2025-07-01 18:50:58 info: MongoDB Connection Succeed
2025-07-01 18:51:01 info: Firebase Notification Initialized!🔥
2025-07-01 18:51:01 info: Roles seeded successfully! 👨‍⚕️👨‍🔧👨‍🚀
2025-07-01 18:51:06 info: Store routes completed!
2025-07-01 18:51:07 info: GET /napi/v1/web/user/66ea8c1368aefec2f052430b 304 9376.785 ms - -

2025-07-01 18:51:07 info: Role Permission seeded successfully 🤯🤯🤯
2025-07-01 18:51:07 info: GET /napi/v1/web/notification/count 304 9801.848 ms - -

2025-07-01 18:51:07 info: Successfully migrated blocked domains to database 17 matched, 17 modified, 0 upserted
2025-07-01 18:51:07 info: seeded successfully 
2025-07-01 18:51:07 info: OPTIONS /napi/v1/web/chat-member/list 204 0.147 ms - 0

2025-07-01 18:51:08 info: GET /napi/v1/web/user/66ea8c1368aefec2f052430b 304 1130.649 ms - -

2025-07-01 18:51:09 info: bull-job-queue loaded 🍺🍻
2025-07-01 18:51:12 info: Backend server is started on port 4050
2025-07-01 18:51:14 info: MongoDB Connection Succeed
2025-07-01 18:51:17 info: Firebase Notification Initialized!🔥
2025-07-01 18:51:18 info: Roles seeded successfully! 👨‍⚕️👨‍🔧👨‍🚀
2025-07-01 18:51:23 info: Store routes completed!
2025-07-01 18:51:23 info: Role Permission seeded successfully 🤯🤯🤯
2025-07-01 18:51:23 info: Successfully migrated blocked domains to database 17 matched, 17 modified, 0 upserted
2025-07-01 18:51:23 info: seeded successfully 
2025-07-01 18:51:31 info: OPTIONS /napi/v1/web/user/66ea8c1368aefec2f052430b 204 0.964 ms - 0

2025-07-01 18:51:31 info: OPTIONS /napi/v1/web/notification/count 204 0.552 ms - 0

2025-07-01 18:51:34 info: bull-job-queue loaded 🍺🍻
2025-07-01 18:51:37 info: Backend server is started on port 4050
2025-07-01 18:51:43 info: bull-job-queue loaded 🍺🍻
2025-07-01 18:51:45 info: Backend server is started on port 4050
2025-07-01 18:51:47 info: MongoDB Connection Succeed
2025-07-01 18:51:50 info: bull-job-queue loaded 🍺🍻
2025-07-01 18:51:52 info: Backend server is started on port 4050
2025-07-01 18:51:54 info: MongoDB Connection Succeed
2025-07-01 18:51:57 info: Firebase Notification Initialized!🔥
2025-07-01 18:51:58 info: Roles seeded successfully! 👨‍⚕️👨‍🔧👨‍🚀
2025-07-01 18:52:03 info: Store routes completed!
2025-07-01 18:52:03 info: Role Permission seeded successfully 🤯🤯🤯
2025-07-01 18:52:03 info: Successfully migrated blocked domains to database 17 matched, 17 modified, 0 upserted
2025-07-01 18:52:03 info: seeded successfully 
2025-07-01 18:52:17 info: bull-job-queue loaded 🍺🍻
2025-07-01 18:52:19 info: Backend server is started on port 4050
2025-07-01 18:52:27 info: MongoDB Connection Succeed
2025-07-01 18:52:30 info: Firebase Notification Initialized!🔥
2025-07-01 18:52:30 info: Roles seeded successfully! 👨‍⚕️👨‍🔧👨‍🚀
2025-07-01 18:52:35 info: Role Permission seeded successfully 🤯🤯🤯
2025-07-01 18:52:36 info: Successfully migrated blocked domains to database 17 matched, 17 modified, 0 upserted
2025-07-01 18:52:36 info: seeded successfully 
2025-07-01 18:52:36 info: Store routes completed!
2025-07-01 18:54:08 info: GET /napi/v1/web/message/credit 200 1174.902 ms - 161

2025-07-01 18:54:12 info: OPTIONS /napi/v1/web/notification/count 204 0.631 ms - 0

2025-07-01 18:54:12 info: OPTIONS /napi/v1/web/user/66ea8c1368aefec2f052430b 204 0.194 ms - 0

2025-07-01 18:54:12 info: GET /napi/v1/web/notification/count 304 652.511 ms - -

2025-07-01 18:54:13 info: GET /napi/v1/web/user/66ea8c1368aefec2f052430b 304 1163.000 ms - -

2025-07-01 18:54:14 info: GET /napi/v1/web/user/66ea8c1368aefec2f052430b 304 1080.276 ms - -

2025-07-01 18:54:22 info: OPTIONS /napi/v1/web/notification/count 204 0.148 ms - 0

2025-07-01 18:54:22 info: OPTIONS /napi/v1/web/user/66ea8c1368aefec2f052430b 204 0.152 ms - 0

2025-07-01 18:54:22 info: GET /napi/v1/web/notification/count 304 654.283 ms - -

2025-07-01 18:54:23 info: GET /napi/v1/web/user/66ea8c1368aefec2f052430b 304 1117.629 ms - -

2025-07-01 18:54:24 info: GET /napi/v1/web/user/66ea8c1368aefec2f052430b 304 1077.870 ms - -

2025-07-01 18:54:43 info: OPTIONS /napi/v1/web/chat-member/list 204 0.154 ms - 0

2025-07-01 18:54:45 info: POST /napi/v1/web/chat-member/list 200 2656.714 ms - 5812

2025-07-01 18:55:08 info: OPTIONS /napi/v1/web/notification/count 204 0.246 ms - 0

2025-07-01 18:55:08 info: OPTIONS /napi/v1/web/user/66ea8c1368aefec2f052430b 204 0.228 ms - 0

2025-07-01 18:55:08 info: GET /napi/v1/web/notification/count 304 704.363 ms - -

2025-07-01 18:55:09 info: GET /napi/v1/web/user/66ea8c1368aefec2f052430b 304 1090.037 ms - -

2025-07-01 18:55:10 info: GET /napi/v1/web/user/66ea8c1368aefec2f052430b 304 1087.158 ms - -

2025-07-01 18:55:12 info: OPTIONS /napi/v1/web/chat-member/list 204 0.149 ms - 0

2025-07-01 18:55:15 info: POST /napi/v1/web/chat-member/list 200 2828.540 ms - 6422

2025-07-01 18:55:39 info: OPTIONS /napi/v1/web/notification/count 204 0.276 ms - 0

2025-07-01 18:55:39 info: OPTIONS /napi/v1/web/user/66ea8c1368aefec2f052430b 204 0.378 ms - 0

2025-07-01 18:55:40 info: GET /napi/v1/web/notification/count 304 678.873 ms - -

2025-07-01 18:55:40 info: GET /napi/v1/web/user/66ea8c1368aefec2f052430b 304 1114.190 ms - -

2025-07-01 18:55:41 info: GET /napi/v1/web/user/66ea8c1368aefec2f052430b 304 1154.754 ms - -

2025-07-01 18:55:45 info: OPTIONS /napi/v1/web/chat-member/list 204 0.173 ms - 0

2025-07-01 18:55:47 info: POST /napi/v1/web/chat-member/list 200 2826.601 ms - 6422

2025-07-01 19:10:09 info: bull-job-queue loaded 🍺🍻
2025-07-01 19:10:12 info: Backend server is started on port 4050
2025-07-01 19:10:14 info: MongoDB Connection Succeed
2025-07-01 19:10:17 info: Firebase Notification Initialized!🔥
2025-07-01 19:10:17 info: Roles seeded successfully! 👨‍⚕️👨‍🔧👨‍🚀
2025-07-01 19:10:22 info: Store routes completed!
2025-07-01 19:10:23 info: Role Permission seeded successfully 🤯🤯🤯
2025-07-01 19:10:23 info: Successfully migrated blocked domains to database 17 matched, 17 modified, 0 upserted
2025-07-01 19:10:23 info: seeded successfully 
2025-07-01 19:10:47 info: OPTIONS /napi/v1/web/user/66ea8c1368aefec2f052430b 204 1.462 ms - 0

2025-07-01 19:10:47 info: OPTIONS /napi/v1/web/notification/count 204 0.340 ms - 0

2025-07-01 19:10:48 info: GET /napi/v1/web/notification/count 304 702.641 ms - -

2025-07-01 19:10:49 info: GET /napi/v1/web/user/66ea8c1368aefec2f052430b 304 1245.015 ms - -

2025-07-01 19:10:50 info: GET /napi/v1/web/user/66ea8c1368aefec2f052430b 304 1152.810 ms - -

2025-07-01 19:10:51 info: OPTIONS /napi/v1/web/chat-member/list 204 0.250 ms - 0

2025-07-01 19:10:52 info: OPTIONS /napi/v1/web/user/66ea8c1368aefec2f052430b 204 0.146 ms - 0

2025-07-01 19:10:52 info: OPTIONS /napi/v1/web/notification/count 204 0.170 ms - 0

2025-07-01 19:10:53 info: GET /napi/v1/web/notification/count 304 686.620 ms - -

2025-07-01 19:10:53 info: POST /napi/v1/web/chat-member/list 200 2910.511 ms - 6422

2025-07-01 19:10:54 info: GET /napi/v1/web/user/66ea8c1368aefec2f052430b 304 1146.901 ms - -

2025-07-01 19:10:55 info: GET /napi/v1/web/user/66ea8c1368aefec2f052430b 304 1144.452 ms - -

2025-07-01 19:10:58 info: POST /napi/v1/web/chat-member/list 200 2823.640 ms - 6422

