2025-07-01 11:53:50 error: Error in auth service login function
Error: auth.password_wrong
    at Object.logIn (/Users/chiragsuthar/Documents/work-d/React Projects/weamai/nodejs/src/services/auth.js:68:19)
    at async /Users/chiragsuthar/Documents/work-d/React Projects/weamai/nodejs/src/controller/admin/authController.js:4:20
2025-07-01 11:59:07 error: Error in auth service login function
Error: auth.password_wrong
    at Object.logIn (/Users/chiragsuthar/Documents/work-d/React Projects/weamai/nodejs/src/services/auth.js:68:19)
    at async /Users/chiragsuthar/Documents/work-d/React Projects/weamai/nodejs/src/controller/admin/authController.js:4:20
2025-07-01 11:59:14 error: Error in auth service login function
Error: auth.password_wrong
    at Object.logIn (/Users/chiragsuthar/Documents/work-d/React Projects/weamai/nodejs/src/services/auth.js:68:19)
    at async /Users/chiragsuthar/Documents/work-d/React Projects/weamai/nodejs/src/controller/admin/authController.js:4:20
2025-07-01 12:01:04 error: Error in auth service login function
Error: auth.password_wrong
    at Object.logIn (/Users/chiragsuthar/Documents/work-d/React Projects/weamai/nodejs/src/services/auth.js:68:19)
    at async /Users/chiragsuthar/Documents/work-d/React Projects/weamai/nodejs/src/controller/admin/authController.js:4:20
2025-07-01 12:01:22 error: Error in auth service login function
Error: auth.password_wrong
    at Object.logIn (/Users/chiragsuthar/Documents/work-d/React Projects/weamai/nodejs/src/services/auth.js:68:19)
    at async /Users/chiragsuthar/Documents/work-d/React Projects/weamai/nodejs/src/controller/admin/authController.js:4:20
2025-07-01 12:01:25 error: Error in auth service login function
Error: auth.password_wrong
    at Object.logIn (/Users/chiragsuthar/Documents/work-d/React Projects/weamai/nodejs/src/services/auth.js:68:19)
    at async /Users/chiragsuthar/Documents/work-d/React Projects/weamai/nodejs/src/controller/admin/authController.js:4:20
2025-07-01 12:02:51 error: Error - upcomingInvoice
Error: You cannot preview the upcoming invoice for a canceled subscription.
    at StripeError.generate (/Users/chiragsuthar/Documents/work-d/React Projects/weamai/nodejs/node_modules/.pnpm/stripe@14.17.0/node_modules/stripe/cjs/Error.js:10:20)
    at res.toJSON.then.Error_js_1.StripeAPIError.message (/Users/chiragsuthar/Documents/work-d/React Projects/weamai/nodejs/node_modules/.pnpm/stripe@14.17.0/node_modules/stripe/cjs/RequestSender.js:105:54)
    at process.processTicksAndRejections (node:internal/process/task_queues:95:5)
2025-07-01 12:03:56 error: Error - upcomingInvoice
Error: You cannot preview the upcoming invoice for a canceled subscription.
    at StripeError.generate (/Users/chiragsuthar/Documents/work-d/React Projects/weamai/nodejs/node_modules/.pnpm/stripe@14.17.0/node_modules/stripe/cjs/Error.js:10:20)
    at res.toJSON.then.Error_js_1.StripeAPIError.message (/Users/chiragsuthar/Documents/work-d/React Projects/weamai/nodejs/node_modules/.pnpm/stripe@14.17.0/node_modules/stripe/cjs/RequestSender.js:105:54)
    at process.processTicksAndRejections (node:internal/process/task_queues:95:5)
2025-07-01 12:03:57 error: Error - upcomingInvoice
Error: You cannot preview the upcoming invoice for a canceled subscription.
    at StripeError.generate (/Users/chiragsuthar/Documents/work-d/React Projects/weamai/nodejs/node_modules/.pnpm/stripe@14.17.0/node_modules/stripe/cjs/Error.js:10:20)
    at res.toJSON.then.Error_js_1.StripeAPIError.message (/Users/chiragsuthar/Documents/work-d/React Projects/weamai/nodejs/node_modules/.pnpm/stripe@14.17.0/node_modules/stripe/cjs/RequestSender.js:105:54)
    at process.processTicksAndRejections (node:internal/process/task_queues:95:5)
2025-07-01 12:04:57 error: Error - upcomingInvoice
Error: You cannot preview the upcoming invoice for a canceled subscription.
    at StripeError.generate (/Users/chiragsuthar/Documents/work-d/React Projects/weamai/nodejs/node_modules/.pnpm/stripe@14.17.0/node_modules/stripe/cjs/Error.js:10:20)
    at res.toJSON.then.Error_js_1.StripeAPIError.message (/Users/chiragsuthar/Documents/work-d/React Projects/weamai/nodejs/node_modules/.pnpm/stripe@14.17.0/node_modules/stripe/cjs/RequestSender.js:105:54)
    at process.processTicksAndRejections (node:internal/process/task_queues:95:5)
2025-07-01 12:04:58 error: Error - upcomingInvoice
Error: You cannot preview the upcoming invoice for a canceled subscription.
    at StripeError.generate (/Users/chiragsuthar/Documents/work-d/React Projects/weamai/nodejs/node_modules/.pnpm/stripe@14.17.0/node_modules/stripe/cjs/Error.js:10:20)
    at res.toJSON.then.Error_js_1.StripeAPIError.message (/Users/chiragsuthar/Documents/work-d/React Projects/weamai/nodejs/node_modules/.pnpm/stripe@14.17.0/node_modules/stripe/cjs/RequestSender.js:105:54)
    at process.processTicksAndRejections (node:internal/process/task_queues:95:5)
2025-07-01 15:17:11 error: Error - storageRequestCharge
Error: The amount must be greater than or equal to the minimum charge amount allowed for your account and the currency set (https://docs.stripe.com/currencies#minimum-and-maximum-charge-amounts).  If you want to save a Payment Method for future use without an immediate payment, use a Setup Intent instead: https://docs.stripe.com/payments/setup-intents
    at StripeError.generate (/Users/chiragsuthar/Documents/work-d/React Projects/weamai/nodejs/node_modules/.pnpm/stripe@14.17.0/node_modules/stripe/cjs/Error.js:10:20)
    at res.toJSON.then.Error_js_1.StripeAPIError.message (/Users/chiragsuthar/Documents/work-d/React Projects/weamai/nodejs/node_modules/.pnpm/stripe@14.17.0/node_modules/stripe/cjs/RequestSender.js:105:54)
    at process.processTicksAndRejections (node:internal/process/task_queues:95:5)
2025-07-01 15:17:19 error: Error - storageRequestCharge
Error: The amount must be greater than or equal to the minimum charge amount allowed for your account and the currency set (https://docs.stripe.com/currencies#minimum-and-maximum-charge-amounts).  If you want to save a Payment Method for future use without an immediate payment, use a Setup Intent instead: https://docs.stripe.com/payments/setup-intents
    at StripeError.generate (/Users/chiragsuthar/Documents/work-d/React Projects/weamai/nodejs/node_modules/.pnpm/stripe@14.17.0/node_modules/stripe/cjs/Error.js:10:20)
    at res.toJSON.then.Error_js_1.StripeAPIError.message (/Users/chiragsuthar/Documents/work-d/React Projects/weamai/nodejs/node_modules/.pnpm/stripe@14.17.0/node_modules/stripe/cjs/RequestSender.js:105:54)
    at process.processTicksAndRejections (node:internal/process/task_queues:95:5)
2025-07-01 15:18:17 error: Error - storageRequestCharge
Error: The amount must be greater than or equal to the minimum charge amount allowed for your account and the currency set (https://docs.stripe.com/currencies#minimum-and-maximum-charge-amounts).  If you want to save a Payment Method for future use without an immediate payment, use a Setup Intent instead: https://docs.stripe.com/payments/setup-intents
    at StripeError.generate (/Users/chiragsuthar/Documents/work-d/React Projects/weamai/nodejs/node_modules/.pnpm/stripe@14.17.0/node_modules/stripe/cjs/Error.js:10:20)
    at res.toJSON.then.Error_js_1.StripeAPIError.message (/Users/chiragsuthar/Documents/work-d/React Projects/weamai/nodejs/node_modules/.pnpm/stripe@14.17.0/node_modules/stripe/cjs/RequestSender.js:105:54)
    at process.processTicksAndRejections (node:internal/process/task_queues:95:5)
2025-07-01 15:27:34 error: Error - confirmStorageCharge
Error: No such payment_intent: '1'
    at StripeError.generate (/Users/chiragsuthar/Documents/work-d/React Projects/weamai/nodejs/node_modules/.pnpm/stripe@14.17.0/node_modules/stripe/cjs/Error.js:10:20)
    at res.toJSON.then.Error_js_1.StripeAPIError.message (/Users/chiragsuthar/Documents/work-d/React Projects/weamai/nodejs/node_modules/.pnpm/stripe@14.17.0/node_modules/stripe/cjs/RequestSender.js:105:54)
    at process.processTicksAndRejections (node:internal/process/task_queues:95:5)
2025-07-01 15:46:18 error: Error - storageRequestCharge
Error: The amount must be greater than or equal to the minimum charge amount allowed for your account and the currency set (https://docs.stripe.com/currencies#minimum-and-maximum-charge-amounts).  If you want to save a Payment Method for future use without an immediate payment, use a Setup Intent instead: https://docs.stripe.com/payments/setup-intents
    at StripeError.generate (/Users/chiragsuthar/Documents/work-d/React Projects/weamai/nodejs/node_modules/.pnpm/stripe@14.17.0/node_modules/stripe/cjs/Error.js:10:20)
    at res.toJSON.then.Error_js_1.StripeAPIError.message (/Users/chiragsuthar/Documents/work-d/React Projects/weamai/nodejs/node_modules/.pnpm/stripe@14.17.0/node_modules/stripe/cjs/RequestSender.js:105:54)
    at process.processTicksAndRejections (node:internal/process/task_queues:95:5)
